0 info it worked if it ends with ok
1 verbose cli [ '/usr/bin/nodejs', '/usr/bin/npm', 'run', 'watch' ]
2 info using npm@1.2.18
3 info using node@v0.10.15
4 verbose read json /home/anders/Desktop/bike-game/package.json
5 warn package.json bike_game@0.0.0 No README.md file found!
6 verbose run-script [ 'prewatch', 'watch', 'postwatch' ]
7 info prewatch bike_game@0.0.0
8 info watch bike_game@0.0.0
9 verbose unsafe-perm in lifecycle true
10 silly exec sh "-c" "watchify main.js -o public/script.js"
11 silly sh,-c,watchify main.js -o public/script.js,/home/anders/Desktop/bike-game spawning
12 info bike_game@0.0.0 Failed to exec watch script
13 error bike_game@0.0.0 watch: `watchify main.js -o public/script.js`
13 error `sh "-c" "watchify main.js -o public/script.js"` failed with 127
14 error Failed at the bike_game@0.0.0 watch script.
14 error This is most likely a problem with the bike_game package,
14 error not with npm itself.
14 error Tell the author that this fails on your system:
14 error     watchify main.js -o public/script.js
14 error You can get their info via:
14 error     npm owner ls bike_game
14 error There is likely additional logging output above.
15 error System Linux 3.11.0-12-generic
16 error command "/usr/bin/nodejs" "/usr/bin/npm" "run" "watch"
17 error cwd /home/anders/Desktop/bike-game
18 error node -v v0.10.15
19 error npm -v 1.2.18
20 error code ELIFECYCLE
21 verbose exit [ 1, true ]
